<?xml version="1.0" encoding="UTF-8"?>
<!-- Generated by org.testng.reporters.JUnitXMLReporter -->
<testsuite ignored="4" hostname="IN-PG02P5ZW" failures="0" tests="19" name="Command line test" time="23.053" errors="0" timestamp="22 Feb 2022 14:22:36 GMT">
  <testcase classname="api_testcases.Test_flow1" name="createBoard" time="5.194"/>
  <testcase classname="api_testcases.Test_flow1" name="createList" time="0.756"/>
  <testcase classname="api_testcases.Test_flow1" name="getBoard" time="0.661"/>
  <testcase classname="api_testcases.Test_flow1" name="getFilteredList" time="0.579"/>
  <testcase classname="api_testcases.Test_flow1" name="inviteMembers" time="0.988"/>
  <testcase classname="api_testcases.Test_flow1" name="updateBoard" time="0.679"/>
  <testcase classname="api_testcases.Test_flow1" name="addMemberToBoard" time="0.674"/>
  <testcase classname="api_testcases.Test_flow1" name="removeMemberFromBoard" time="0.662"/>
  <testcase classname="api_testcases.Test_flow2" name="createBoard" time="0.854"/>
  <testcase classname="api_testcases.Test_flow2" name="createList" time="0.667"/>
  <testcase classname="api_testcases.Test_flow2" name="archiveList" time="0.654"/>
  <testcase classname="api_testcases.Test_flow2" name="createCard" time="0.72"/>
  <testcase classname="api_testcases.Test_flow2" name="updateList" time="0.616"/>
  <testcase classname="api_testcases.Test_flow3" name="createBoard" time="1.009"/>
  <testcase classname="api_testcases.Test_flow3" name="createList" time="0.646"/>
  <testcase classname="api_testcases.Test_flow3" name="createCard" time="0.772"/>
  <testcase classname="api_testcases.Test_flow3" name="createAttachmentOnCard" time="0.693"/>
  <testcase classname="api_testcases.Test_flow4" name="createBoard" time="0.773"/>
  <testcase classname="api_testcases.Test_flow5" name="createOrganisation" time="0.741"/>
  <testcase classname="testbase.BasePage" name="@BeforeSuite init" time="0.0">
    <ignored/>
  </testcase> <!-- @BeforeSuite init -->
  <testcase classname="testbase.BasePage" name="@BeforeSuite init" time="0.0">
    <ignored/>
  </testcase> <!-- @BeforeSuite init -->
  <testcase classname="testbase.BasePage" name="@BeforeSuite init" time="0.0">
    <ignored/>
  </testcase> <!-- @BeforeSuite init -->
  <testcase classname="testbase.BasePage" name="@BeforeSuite init" time="0.0">
    <ignored/>
  </testcase> <!-- @BeforeSuite init -->
</testsuite> <!-- Command line test -->
