<?xml version="1.0" encoding="UTF-8" ?>
<testsuite tests="19" failures="0" name="TestSuite" time="18.381" errors="0" skipped="0">
  <properties>
[...]
</properties>
  <testcase classname="api_testcases.Test_flow1" name="createBoard" time="5.193"/>
  <testcase classname="api_testcases.Test_flow1" name="createList" time="0.771"/>
  <testcase classname="api_testcases.Test_flow1" name="getBoard" time="0.665"/>
  <testcase classname="api_testcases.Test_flow1" name="getFilteredList" time="0.58"/>
  <testcase classname="api_testcases.Test_flow1" name="inviteMembers" time="0.989"/>
  <testcase classname="api_testcases.Test_flow1" name="updateBoard" time="0.682"/>
  <testcase classname="api_testcases.Test_flow1" name="addMemberToBoard" time="0.676"/>
  <testcase classname="api_testcases.Test_flow1" name="removeMemberFromBoard" time="0.665"/>
  <testcase classname="api_testcases.Test_flow2" name="createBoard" time="0.854"/>
  <testcase classname="api_testcases.Test_flow2" name="createList" time="0.667"/>
  <testcase classname="api_testcases.Test_flow2" name="archiveList" time="0.66"/>
  <testcase classname="api_testcases.Test_flow2" name="createCard" time="0.725"/>
  <testcase classname="api_testcases.Test_flow2" name="updateList" time="0.62"/>
  <testcase classname="api_testcases.Test_flow3" name="createBoard" time="1.01"/>
  <testcase classname="api_testcases.Test_flow3" name="createList" time="0.645"/>
  <testcase classname="api_testcases.Test_flow3" name="createCard" time="0.773"/>
  <testcase classname="api_testcases.Test_flow3" name="createAttachmentOnCard" time="0.692"/>
  <testcase classname="api_testcases.Test_flow4" name="createBoard" time="0.773"/>
  <testcase classname="api_testcases.Test_flow5" name="createOrganisation" time="0.741"/>
</testsuite>